{"/Users/Pip/Projects/smart-types/spec/index.spec.js":{"path":"/Users/Pip/Projects/smart-types/spec/index.spec.js","s":{"1":1,"2":1,"3":1,"4":1,"5":1,"6":1,"7":1,"8":1,"9":1,"10":1,"11":1,"12":1,"13":1,"14":1,"15":1,"16":1},"b":{},"f":{"1":1,"2":1,"3":1,"4":1,"5":1,"6":1},"fnMap":{"1":{"name":"(anonymous_1)","line":6,"loc":{"start":{"line":6,"column":21},"end":{"line":6,"column":32}}},"2":{"name":"(anonymous_2)","line":7,"loc":{"start":{"line":7,"column":53},"end":{"line":7,"column":64}}},"3":{"name":"(anonymous_3)","line":12,"loc":{"start":{"line":12,"column":58},"end":{"line":12,"column":69}}},"4":{"name":"(anonymous_4)","line":18,"loc":{"start":{"line":18,"column":20},"end":{"line":18,"column":31}}},"5":{"name":"(anonymous_5)","line":19,"loc":{"start":{"line":19,"column":52},"end":{"line":19,"column":63}}},"6":{"name":"(anonymous_6)","line":24,"loc":{"start":{"line":24,"column":57},"end":{"line":24,"column":68}}}},"statementMap":{"1":{"start":{"line":3,"column":0},"end":{"line":3,"column":36}},"2":{"start":{"line":4,"column":0},"end":{"line":4,"column":36}},"3":{"start":{"line":6,"column":0},"end":{"line":16,"column":3}},"4":{"start":{"line":7,"column":4},"end":{"line":10,"column":7}},"5":{"start":{"line":8,"column":8},"end":{"line":8,"column":44}},"6":{"start":{"line":9,"column":8},"end":{"line":9,"column":34}},"7":{"start":{"line":12,"column":4},"end":{"line":15,"column":7}},"8":{"start":{"line":13,"column":8},"end":{"line":13,"column":44}},"9":{"start":{"line":14,"column":8},"end":{"line":14,"column":35}},"10":{"start":{"line":18,"column":0},"end":{"line":28,"column":3}},"11":{"start":{"line":19,"column":4},"end":{"line":22,"column":7}},"12":{"start":{"line":20,"column":8},"end":{"line":20,"column":43}},"13":{"start":{"line":21,"column":8},"end":{"line":21,"column":34}},"14":{"start":{"line":24,"column":4},"end":{"line":27,"column":7}},"15":{"start":{"line":25,"column":8},"end":{"line":25,"column":41}},"16":{"start":{"line":26,"column":8},"end":{"line":26,"column":35}}},"branchMap":{}},"/Users/Pip/Projects/smart-types/index.js":{"path":"/Users/Pip/Projects/smart-types/index.js","s":{"1":1,"2":1,"3":2,"4":1,"5":2,"6":1,"7":0,"8":1,"9":0,"10":1,"11":0,"12":1,"13":0,"14":1,"15":0,"16":1,"17":0,"18":1,"19":0,"20":1,"21":4,"22":1},"b":{},"f":{"1":2,"2":2,"3":0,"4":0,"5":0,"6":0,"7":0,"8":0,"9":0,"10":4},"fnMap":{"1":{"name":"isObject","line":16,"loc":{"start":{"line":16,"column":0},"end":{"line":16,"column":27}}},"2":{"name":"isArray","line":20,"loc":{"start":{"line":20,"column":0},"end":{"line":20,"column":26}}},"3":{"name":"isString","line":24,"loc":{"start":{"line":24,"column":0},"end":{"line":24,"column":27}}},"4":{"name":"isRegex","line":28,"loc":{"start":{"line":28,"column":0},"end":{"line":28,"column":26}}},"5":{"name":"isNumber","line":32,"loc":{"start":{"line":32,"column":0},"end":{"line":32,"column":27}}},"6":{"name":"isBoolean","line":36,"loc":{"start":{"line":36,"column":0},"end":{"line":36,"column":28}}},"7":{"name":"isNull","line":40,"loc":{"start":{"line":40,"column":0},"end":{"line":40,"column":25}}},"8":{"name":"isUndefined","line":44,"loc":{"start":{"line":44,"column":0},"end":{"line":44,"column":30}}},"9":{"name":"isJson","line":48,"loc":{"start":{"line":48,"column":0},"end":{"line":48,"column":25}}},"10":{"name":"getType","line":52,"loc":{"start":{"line":52,"column":0},"end":{"line":52,"column":26}}}},"statementMap":{"1":{"start":{"line":3,"column":0},"end":{"line":14,"column":1}},"2":{"start":{"line":16,"column":0},"end":{"line":18,"column":1}},"3":{"start":{"line":17,"column":4},"end":{"line":17,"column":41}},"4":{"start":{"line":20,"column":0},"end":{"line":22,"column":1}},"5":{"start":{"line":21,"column":4},"end":{"line":21,"column":40}},"6":{"start":{"line":24,"column":0},"end":{"line":26,"column":1}},"7":{"start":{"line":25,"column":4},"end":{"line":25,"column":41}},"8":{"start":{"line":28,"column":0},"end":{"line":30,"column":1}},"9":{"start":{"line":29,"column":4},"end":{"line":29,"column":41}},"10":{"start":{"line":32,"column":0},"end":{"line":34,"column":1}},"11":{"start":{"line":33,"column":4},"end":{"line":33,"column":41}},"12":{"start":{"line":36,"column":0},"end":{"line":38,"column":1}},"13":{"start":{"line":37,"column":4},"end":{"line":37,"column":42}},"14":{"start":{"line":40,"column":0},"end":{"line":42,"column":1}},"15":{"start":{"line":41,"column":4},"end":{"line":41,"column":39}},"16":{"start":{"line":44,"column":0},"end":{"line":46,"column":1}},"17":{"start":{"line":45,"column":4},"end":{"line":45,"column":44}},"18":{"start":{"line":48,"column":0},"end":{"line":50,"column":1}},"19":{"start":{"line":49,"column":4},"end":{"line":49,"column":39}},"20":{"start":{"line":52,"column":0},"end":{"line":54,"column":1}},"21":{"start":{"line":53,"column":4},"end":{"line":53,"column":91}},"22":{"start":{"line":56,"column":0},"end":{"line":56,"column":27}}},"branchMap":{}}}