TN:
SF:/Users/Pip/Projects/smart-types/spec/index.spec.js
FN:6,(anonymous_1)
FN:7,(anonymous_2)
FN:12,(anonymous_3)
FN:18,(anonymous_4)
FN:19,(anonymous_5)
FN:24,(anonymous_6)
FNF:6
FNH:6
FNDA:1,(anonymous_1)
FNDA:1,(anonymous_2)
FNDA:1,(anonymous_3)
FNDA:1,(anonymous_4)
FNDA:1,(anonymous_5)
FNDA:1,(anonymous_6)
DA:3,1
DA:4,1
DA:6,1
DA:7,1
DA:8,1
DA:9,1
DA:12,1
DA:13,1
DA:14,1
DA:18,1
DA:19,1
DA:20,1
DA:21,1
DA:24,1
DA:25,1
DA:26,1
LF:16
LH:16
BRF:0
BRH:0
end_of_record
TN:
SF:/Users/Pip/Projects/smart-types/index.js
FN:16,isObject
FN:20,isArray
FN:24,isString
FN:28,isRegex
FN:32,isNumber
FN:36,isBoolean
FN:40,isNull
FN:44,isUndefined
FN:48,isJson
FN:52,getType
FNF:10
FNH:3
FNDA:2,isObject
FNDA:2,isArray
FNDA:0,isString
FNDA:0,isRegex
FNDA:0,isNumber
FNDA:0,isBoolean
FNDA:0,isNull
FNDA:0,isUndefined
FNDA:0,isJson
FNDA:4,getType
DA:3,1
DA:16,1
DA:17,2
DA:20,1
DA:21,2
DA:24,1
DA:25,0
DA:28,1
DA:29,0
DA:32,1
DA:33,0
DA:36,1
DA:37,0
DA:40,1
DA:41,0
DA:44,1
DA:45,0
DA:48,1
DA:49,0
DA:52,1
DA:53,4
DA:56,1
LF:22
LH:15
BRF:0
BRH:0
end_of_record
